2019-08-02 09:28:44.362 INFO  com.meyue.xiwen.XiwenApplication Line:50  - Starting XiwenApplication on DESKTOP-1UL29AH with PID 9832 (E:\users\xiwen\target\classes started by SpringLi in E:\users\xiwen)
2019-08-02 09:28:44.371 INFO  com.meyue.xiwen.XiwenApplication Line:646 - No active profile set, falling back to default profiles: default
2019-08-02 09:28:44.554 INFO  org.springframework.boot.devtools.env.DevToolsPropertyDefaultsPostProcessor Line:225 - Devtools property defaults active! Set 'spring.devtools.add-properties' to 'false' to disable
2019-08-02 09:28:44.558 INFO  org.springframework.boot.devtools.env.DevToolsPropertyDefaultsPostProcessor Line:225 - For additional web related logging consider setting the 'logging.level.web' property to 'DEBUG'
2019-08-02 09:28:47.247 INFO  org.springframework.data.repository.config.RepositoryConfigurationDelegate Line:244 - Multiple Spring Data modules found, entering strict repository configuration mode!
2019-08-02 09:28:47.254 INFO  org.springframework.data.repository.config.RepositoryConfigurationDelegate Line:126 - Bootstrapping Spring Data repositories in DEFAULT mode.
2019-08-02 09:28:47.317 INFO  org.springframework.data.repository.config.RepositoryConfigurationDelegate Line:182 - Finished Spring Data repository scanning in 38ms. Found 0 repository interfaces.
2019-08-02 09:28:47.800 INFO  org.springframework.context.support.PostProcessorRegistrationDelegate$BeanPostProcessorChecker Line:330 - Bean 'com.alibaba.druid.spring.boot.autoconfigure.stat.DruidSpringAopConfiguration' of type [com.alibaba.druid.spring.boot.autoconfigure.stat.DruidSpringAopConfiguration] is not eligible for getting processed by all BeanPostProcessors (for example: not eligible for auto-proxying)
2019-08-02 09:28:48.018 INFO  org.springframework.context.support.PostProcessorRegistrationDelegate$BeanPostProcessorChecker Line:330 - Bean 'org.springframework.transaction.annotation.ProxyTransactionManagementConfiguration' of type [org.springframework.transaction.annotation.ProxyTransactionManagementConfiguration$$EnhancerBySpringCGLIB$$7dca28c5] is not eligible for getting processed by all BeanPostProcessors (for example: not eligible for auto-proxying)
2019-08-02 09:28:48.689 INFO  org.springframework.context.support.PostProcessorRegistrationDelegate$BeanPostProcessorChecker Line:330 - Bean 'spring.datasource.druid-com.alibaba.druid.spring.boot.autoconfigure.properties.DruidStatProperties' of type [com.alibaba.druid.spring.boot.autoconfigure.properties.DruidStatProperties] is not eligible for getting processed by all BeanPostProcessors (for example: not eligible for auto-proxying)
2019-08-02 09:28:48.708 INFO  org.springframework.context.support.PostProcessorRegistrationDelegate$BeanPostProcessorChecker Line:330 - Bean 'advisor' of type [org.springframework.aop.support.RegexpMethodPointcutAdvisor] is not eligible for getting processed by all BeanPostProcessors (for example: not eligible for auto-proxying)
2019-08-02 09:28:49.464 INFO  org.springframework.boot.web.embedded.tomcat.TomcatWebServer Line:90  - Tomcat initialized with port(s): 8090 (http)
2019-08-02 09:28:49.484 INFO  org.apache.catalina.core.StandardService Line:173 - Starting service [Tomcat]
2019-08-02 09:28:49.485 INFO  org.apache.catalina.core.StandardEngine Line:173 - Starting Servlet engine: [Apache Tomcat/9.0.21]
2019-08-02 09:28:49.616 INFO  org.apache.catalina.core.ContainerBase.[Tomcat].[localhost].[/xiwen] Line:173 - Initializing Spring embedded WebApplicationContext
2019-08-02 09:28:49.617 INFO  org.springframework.web.context.ContextLoader Line:283 - Root WebApplicationContext: initialization completed in 5058 ms
2019-08-02 09:28:49.978 INFO  com.alibaba.druid.spring.boot.autoconfigure.DruidDataSourceAutoConfigure Line:56  - Init DruidDataSource
2019-08-02 09:28:50.766 INFO  com.alibaba.druid.pool.DruidDataSource Line:930 - {dataSource-1} inited
2019-08-02 09:28:55.925 INFO  org.springframework.boot.actuate.endpoint.web.EndpointLinksResolver Line:58  - Exposing 2 endpoint(s) beneath base path '/actuator'
2019-08-02 09:28:56.469 INFO  springfox.documentation.spring.web.PropertySourcedRequestMappingHandlerMapping Line:69  - Mapped URL path [/v2/api-docs] onto method [public org.springframework.http.ResponseEntity<springfox.documentation.spring.web.json.Json> springfox.documentation.swagger2.web.Swagger2Controller.getDocumentation(java.lang.String,javax.servlet.http.HttpServletRequest)]
2019-08-02 09:28:56.877 INFO  org.springframework.scheduling.concurrent.ThreadPoolTaskExecutor Line:171 - Initializing ExecutorService 'applicationTaskExecutor'
2019-08-02 09:28:56.961 INFO  org.springframework.boot.devtools.autoconfigure.OptionalLiveReloadServer Line:57  - LiveReload server is running on port 35729
2019-08-02 09:28:57.976 INFO  springfox.documentation.spring.web.plugins.DocumentationPluginsBootstrapper Line:147 - Context refreshed
2019-08-02 09:28:57.999 INFO  springfox.documentation.spring.web.plugins.DocumentationPluginsBootstrapper Line:150 - Found 1 custom documentation plugin(s)
2019-08-02 09:28:58.033 INFO  springfox.documentation.spring.web.scanners.ApiListingReferenceScanner Line:41  - Scanning for api listing references
2019-08-02 09:28:58.290 INFO  org.springframework.boot.web.embedded.tomcat.TomcatWebServer Line:202 - Tomcat started on port(s): 8090 (http) with context path '/xiwen'
2019-08-02 09:28:58.295 INFO  com.meyue.xiwen.XiwenApplication Line:59  - Started XiwenApplication in 15.014 seconds (JVM running for 17.682)
2019-08-02 09:28:58.913 INFO  org.apache.catalina.core.ContainerBase.[Tomcat].[localhost].[/xiwen] Line:173 - Initializing Spring DispatcherServlet 'dispatcherServlet'
2019-08-02 09:28:58.914 INFO  org.springframework.web.servlet.DispatcherServlet Line:524 - Initializing Servlet 'dispatcherServlet'
2019-08-02 09:28:58.933 INFO  org.springframework.web.servlet.DispatcherServlet Line:546 - Completed initialization in 18 ms
2019-08-02 09:29:00.578 INFO  io.lettuce.core.EpollProvider Line:68  - Starting without optional epoll library
2019-08-02 09:29:00.581 INFO  io.lettuce.core.KqueueProvider Line:70  - Starting without optional kqueue library
2019-08-02 09:34:02.366 INFO  io.lettuce.core.protocol.ConnectionWatchdog Line:173 - Reconnecting, last destination was /47.100.33.198:6397
2019-08-02 09:34:02.380 INFO  io.lettuce.core.protocol.ReconnectionHandler Line:177 - Reconnected to 47.100.33.198:6397
2019-08-02 09:39:02.865 INFO  io.lettuce.core.protocol.ConnectionWatchdog Line:173 - Reconnecting, last destination was /47.100.33.198:6397
2019-08-02 09:39:02.884 INFO  io.lettuce.core.protocol.ReconnectionHandler Line:177 - Reconnected to 47.100.33.198:6397
2019-08-02 09:39:56.747 INFO  org.springframework.scheduling.concurrent.ThreadPoolTaskExecutor Line:208 - Shutting down ExecutorService 'applicationTaskExecutor'
